Website: 127.0.0.1
Time: January 5, 2021  6:45 am
Process: Updating/Creating Ecomm Bridge - PRODUCT
URL: /extensions/ecomm/v2/sync/messages
Response: {"status_code":401,"response":"Unauthorized","body":"{\"status\":\"error\",\"message\":\"Authentication credentials not found. This API supports both API Key and OAuth 2.0 authentication and you can find more details at https:\/\/developers.hubspot.com\/docs\/methods\/auth\/oauth-overview\",\"correlationId\":\"21e1b341-1336-4075-83b8-51422d123a6f\"}"}
-----------------------------------
Website: 127.0.0.1
Time: January 5, 2021  6:51 am
Process: Updating/Creating Ecomm Bridge - PRODUCT
URL: /extensions/ecomm/v2/sync/messages
Response: {"status_code":401,"response":"Unauthorized","body":"{\"status\":\"error\",\"message\":\"Authentication credentials not found. This API supports both API Key and OAuth 2.0 authentication and you can find more details at https:\/\/developers.hubspot.com\/docs\/methods\/auth\/oauth-overview\",\"correlationId\":\"10740da1-9353-4b9d-a048-a5575e5746b7\"}"}
-----------------------------------
Website: 127.0.0.1
Time: January 5, 2021  6:57 am
Process: Updating/Creating Ecomm Bridge - PRODUCT
URL: /extensions/ecomm/v2/sync/messages
Response: {"status_code":401,"response":"Unauthorized","body":"{\"status\":\"error\",\"message\":\"Authentication credentials not found. This API supports both API Key and OAuth 2.0 authentication and you can find more details at https:\/\/developers.hubspot.com\/docs\/methods\/auth\/oauth-overview\",\"correlationId\":\"23a3121f-c4f9-4d66-9a1c-0cee3f38a09f\"}"}
-----------------------------------
Website: 127.0.0.1
Time: January 5, 2021  7:03 am
Process: Updating/Creating Ecomm Bridge - PRODUCT
URL: /extensions/ecomm/v2/sync/messages
Response: {"status_code":401,"response":"Unauthorized","body":"{\"status\":\"error\",\"message\":\"Authentication credentials not found. This API supports both API Key and OAuth 2.0 authentication and you can find more details at https:\/\/developers.hubspot.com\/docs\/methods\/auth\/oauth-overview\",\"correlationId\":\"e01192db-de14-4d5b-a014-d4ab561674cd\"}"}
-----------------------------------
Website: 127.0.0.1
Time: January 5, 2021  7:09 am
Process: Updating/Creating Ecomm Bridge - PRODUCT
URL: /extensions/ecomm/v2/sync/messages
Response: {"status_code":401,"response":"Unauthorized","body":"{\"status\":\"error\",\"message\":\"Authentication credentials not found. This API supports both API Key and OAuth 2.0 authentication and you can find more details at https:\/\/developers.hubspot.com\/docs\/methods\/auth\/oauth-overview\",\"correlationId\":\"3ada12d7-af1f-4957-8e65-60d767353526\"}"}
-----------------------------------
Website: 127.0.0.1
Time: January 5, 2021  7:14 am
Process: Updating/Creating Ecomm Bridge - PRODUCT
URL: /extensions/ecomm/v2/sync/messages
Response: {"status_code":401,"response":"Unauthorized","body":"{\"status\":\"error\",\"message\":\"Authentication credentials not found. This API supports both API Key and OAuth 2.0 authentication and you can find more details at https:\/\/developers.hubspot.com\/docs\/methods\/auth\/oauth-overview\",\"correlationId\":\"b905bf80-c76d-42d6-82a3-5f6e963203b2\"}"}
-----------------------------------
Website: 127.0.0.1
Time: January 5, 2021  7:20 am
Process: Updating/Creating Ecomm Bridge - PRODUCT
URL: /extensions/ecomm/v2/sync/messages
Response: {"status_code":401,"response":"Unauthorized","body":"{\"status\":\"error\",\"message\":\"Authentication credentials not found. This API supports both API Key and OAuth 2.0 authentication and you can find more details at https:\/\/developers.hubspot.com\/docs\/methods\/auth\/oauth-overview\",\"correlationId\":\"fb06463e-af3b-447f-9a68-dbbd5f0255e0\"}"}
-----------------------------------
Website: 127.0.0.1
Time: January 5, 2021  7:26 am
Process: Updating/Creating Ecomm Bridge - PRODUCT
URL: /extensions/ecomm/v2/sync/messages
Response: {"status_code":401,"response":"Unauthorized","body":"{\"status\":\"error\",\"message\":\"Authentication credentials not found. This API supports both API Key and OAuth 2.0 authentication and you can find more details at https:\/\/developers.hubspot.com\/docs\/methods\/auth\/oauth-overview\",\"correlationId\":\"d0040faa-b17f-4023-8be6-ef7f31b23227\"}"}
-----------------------------------
Website: 127.0.0.1
Time: January 5, 2021  7:32 am
Process: Updating/Creating Ecomm Bridge - PRODUCT
URL: /extensions/ecomm/v2/sync/messages
Response: {"status_code":401,"response":"Unauthorized","body":"{\"status\":\"error\",\"message\":\"Authentication credentials not found. This API supports both API Key and OAuth 2.0 authentication and you can find more details at https:\/\/developers.hubspot.com\/docs\/methods\/auth\/oauth-overview\",\"correlationId\":\"8b2759ec-54b0-4081-a096-5c0defb5ec59\"}"}
-----------------------------------
Website: 127.0.0.1
Time: January 5, 2021  7:44 am
Process: Updating/Creating Ecomm Bridge - PRODUCT
URL: /extensions/ecomm/v2/sync/messages
Response: {"status_code":401,"response":"Unauthorized","body":"{\"status\":\"error\",\"message\":\"Authentication credentials not found. This API supports both API Key and OAuth 2.0 authentication and you can find more details at https:\/\/developers.hubspot.com\/docs\/methods\/auth\/oauth-overview\",\"correlationId\":\"5e4ffea7-6732-4192-9c10-2666ab077024\"}"}
-----------------------------------
Website: 127.0.0.1
Time: January 5, 2021  7:50 am
Process: Updating/Creating Ecomm Bridge - PRODUCT
URL: /extensions/ecomm/v2/sync/messages
Response: {"status_code":401,"response":"Unauthorized","body":"{\"status\":\"error\",\"message\":\"Authentication credentials not found. This API supports both API Key and OAuth 2.0 authentication and you can find more details at https:\/\/developers.hubspot.com\/docs\/methods\/auth\/oauth-overview\",\"correlationId\":\"baeca751-60cf-4ad7-8dd5-584e0f9e718d\"}"}
-----------------------------------
Website: 127.0.0.1
Time: January 5, 2021  7:56 am
Process: Updating/Creating Ecomm Bridge - PRODUCT
URL: /extensions/ecomm/v2/sync/messages
Response: {"status_code":401,"response":"Unauthorized","body":"{\"status\":\"error\",\"message\":\"Authentication credentials not found. This API supports both API Key and OAuth 2.0 authentication and you can find more details at https:\/\/developers.hubspot.com\/docs\/methods\/auth\/oauth-overview\",\"correlationId\":\"d7bb252d-f039-4479-a6c6-2f3b6f3196a0\"}"}
-----------------------------------
Website: 127.0.0.1
Time: January 5, 2021  8:01 am
Process: Updating/Creating Ecomm Bridge - PRODUCT
URL: /extensions/ecomm/v2/sync/messages
Response: {"status_code":401,"response":"Unauthorized","body":"{\"status\":\"error\",\"message\":\"Authentication credentials not found. This API supports both API Key and OAuth 2.0 authentication and you can find more details at https:\/\/developers.hubspot.com\/docs\/methods\/auth\/oauth-overview\",\"correlationId\":\"94c47f33-bfc0-4b0f-b30d-3cad096bd16c\"}"}
-----------------------------------
Website: 127.0.0.1
Time: January 5, 2021  8:22 am
Process: Updating/Creating Ecomm Bridge - PRODUCT
URL: /extensions/ecomm/v2/sync/messages
Response: {"status_code":401,"response":"Unauthorized","body":"{\"status\":\"error\",\"message\":\"Authentication credentials not found. This API supports both API Key and OAuth 2.0 authentication and you can find more details at https:\/\/developers.hubspot.com\/docs\/methods\/auth\/oauth-overview\",\"correlationId\":\"b08a4376-6489-43ff-a541-b81fa0ba2dc2\"}"}
-----------------------------------
Website: 127.0.0.1
Time: January 5, 2021  8:27 am
Process: Updating/Creating Ecomm Bridge - PRODUCT
URL: /extensions/ecomm/v2/sync/messages
Response: {"status_code":401,"response":"Unauthorized","body":"{\"status\":\"error\",\"message\":\"Authentication credentials not found. This API supports both API Key and OAuth 2.0 authentication and you can find more details at https:\/\/developers.hubspot.com\/docs\/methods\/auth\/oauth-overview\",\"correlationId\":\"426cda9c-46d1-4e6d-be94-6c2baa5e20dd\"}"}
-----------------------------------
Website: 127.0.0.1
Time: January 5, 2021  8:33 am
Process: Updating/Creating Ecomm Bridge - PRODUCT
URL: /extensions/ecomm/v2/sync/messages
Response: {"status_code":401,"response":"Unauthorized","body":"{\"status\":\"error\",\"message\":\"Authentication credentials not found. This API supports both API Key and OAuth 2.0 authentication and you can find more details at https:\/\/developers.hubspot.com\/docs\/methods\/auth\/oauth-overview\",\"correlationId\":\"069d8bfe-3aaf-4e6f-854e-190542dd0483\"}"}
-----------------------------------
Website: 127.0.0.1
Time: January 5, 2021  8:48 am
Process: Updating/Creating Ecomm Bridge - PRODUCT
URL: /extensions/ecomm/v2/sync/messages
Response: {"status_code":401,"response":"Unauthorized","body":"{\"status\":\"error\",\"message\":\"Authentication credentials not found. This API supports both API Key and OAuth 2.0 authentication and you can find more details at https:\/\/developers.hubspot.com\/docs\/methods\/auth\/oauth-overview\",\"correlationId\":\"98c113c7-b10b-438c-8ae8-da85eeb484dd\"}"}
-----------------------------------
Website: 127.0.0.1
Time: January 5, 2021  8:53 am
Process: Updating/Creating Ecomm Bridge - PRODUCT
URL: /extensions/ecomm/v2/sync/messages
Response: {"status_code":401,"response":"Unauthorized","body":"{\"status\":\"error\",\"message\":\"Authentication credentials not found. This API supports both API Key and OAuth 2.0 authentication and you can find more details at https:\/\/developers.hubspot.com\/docs\/methods\/auth\/oauth-overview\",\"correlationId\":\"100f7ea6-7974-43b7-8bf9-b6e51cfb0d1b\"}"}
-----------------------------------
Website: 127.0.0.1
Time: January 5, 2021  8:59 am
Process: Updating/Creating Ecomm Bridge - PRODUCT
URL: /extensions/ecomm/v2/sync/messages
Response: {"status_code":401,"response":"Unauthorized","body":"{\"status\":\"error\",\"message\":\"Authentication credentials not found. This API supports both API Key and OAuth 2.0 authentication and you can find more details at https:\/\/developers.hubspot.com\/docs\/methods\/auth\/oauth-overview\",\"correlationId\":\"87e4b0b1-2366-466a-9a3f-cd4acf7eef5f\"}"}
-----------------------------------
Website: 127.0.0.1
Time: January 5, 2021  9:05 am
Process: Updating/Creating Ecomm Bridge - PRODUCT
URL: /extensions/ecomm/v2/sync/messages
Response: {"status_code":401,"response":"Unauthorized","body":"{\"status\":\"error\",\"message\":\"Authentication credentials not found. This API supports both API Key and OAuth 2.0 authentication and you can find more details at https:\/\/developers.hubspot.com\/docs\/methods\/auth\/oauth-overview\",\"correlationId\":\"0010457d-8a81-460f-87a6-0c6d9c20e59f\"}"}
-----------------------------------
Website: 127.0.0.1
Time: January 5, 2021  9:12 am
Process: Updating/Creating Ecomm Bridge - PRODUCT
URL: /extensions/ecomm/v2/sync/messages
Response: {"status_code":401,"response":"Unauthorized","body":"{\"status\":\"error\",\"message\":\"Authentication credentials not found. This API supports both API Key and OAuth 2.0 authentication and you can find more details at https:\/\/developers.hubspot.com\/docs\/methods\/auth\/oauth-overview\",\"correlationId\":\"1ac3e820-6c07-40f0-8d2e-fe4b1565dbd5\"}"}
-----------------------------------
Website: 127.0.0.1
Time: January 5, 2021  9:24 am
Process: Updating/Creating Ecomm Bridge - PRODUCT
URL: /extensions/ecomm/v2/sync/messages
Response: {"status_code":401,"response":"Unauthorized","body":"{\"status\":\"error\",\"message\":\"Authentication credentials not found. This API supports both API Key and OAuth 2.0 authentication and you can find more details at https:\/\/developers.hubspot.com\/docs\/methods\/auth\/oauth-overview\",\"correlationId\":\"491d51a9-d238-488a-9520-c06b66359762\"}"}
-----------------------------------
Website: 127.0.0.1
Time: January 5, 2021  9:30 am
Process: Updating/Creating Ecomm Bridge - PRODUCT
URL: /extensions/ecomm/v2/sync/messages
Response: {"status_code":401,"response":"Unauthorized","body":"{\"status\":\"error\",\"message\":\"Authentication credentials not found. This API supports both API Key and OAuth 2.0 authentication and you can find more details at https:\/\/developers.hubspot.com\/docs\/methods\/auth\/oauth-overview\",\"correlationId\":\"5dd4013d-6f96-442c-ad44-05784670f345\"}"}
-----------------------------------
Website: 127.0.0.1
Time: January 5, 2021  9:44 am
Process: Updating/Creating Ecomm Bridge - PRODUCT
URL: /extensions/ecomm/v2/sync/messages
Response: {"status_code":401,"response":"Unauthorized","body":"{\"status\":\"error\",\"message\":\"Authentication credentials not found. This API supports both API Key and OAuth 2.0 authentication and you can find more details at https:\/\/developers.hubspot.com\/docs\/methods\/auth\/oauth-overview\",\"correlationId\":\"eaebf529-840c-4dec-9263-4eb86071e1f4\"}"}
-----------------------------------
Website: 127.0.0.1
Time: January 5, 2021  9:49 am
Process: Updating/Creating Ecomm Bridge - PRODUCT
URL: /extensions/ecomm/v2/sync/messages
Response: {"status_code":"http_request_failed","response":"cURL error 28: Resolving timed out after 5513 milliseconds","body":null}
-----------------------------------
Website: 127.0.0.1
Time: January 5, 2021  9:55 am
Process: Updating/Creating Ecomm Bridge - PRODUCT
URL: /extensions/ecomm/v2/sync/messages
Response: {"status_code":401,"response":"Unauthorized","body":"{\"status\":\"error\",\"message\":\"Authentication credentials not found. This API supports both API Key and OAuth 2.0 authentication and you can find more details at https:\/\/developers.hubspot.com\/docs\/methods\/auth\/oauth-overview\",\"correlationId\":\"1daed006-0345-4725-8476-7d84b0ac83ba\"}"}
-----------------------------------
Website: 127.0.0.1
Time: January 5, 2021  10:06 am
Process: Updating/Creating Ecomm Bridge - PRODUCT
URL: /extensions/ecomm/v2/sync/messages
Response: {"status_code":401,"response":"Unauthorized","body":"{\"status\":\"error\",\"message\":\"Authentication credentials not found. This API supports both API Key and OAuth 2.0 authentication and you can find more details at https:\/\/developers.hubspot.com\/docs\/methods\/auth\/oauth-overview\",\"correlationId\":\"0362e04e-510d-493a-8dcd-65d2dfdfca7e\"}"}
-----------------------------------
Website: 127.0.0.1
Time: January 5, 2021  10:12 am
Process: Updating/Creating Ecomm Bridge - PRODUCT
URL: /extensions/ecomm/v2/sync/messages
Response: {"status_code":401,"response":"Unauthorized","body":"{\"status\":\"error\",\"message\":\"Authentication credentials not found. This API supports both API Key and OAuth 2.0 authentication and you can find more details at https:\/\/developers.hubspot.com\/docs\/methods\/auth\/oauth-overview\",\"correlationId\":\"7b2ec23d-d1cc-413e-94b4-75bb5b46683d\"}"}
-----------------------------------
Website: 127.0.0.1
Time: January 5, 2021  10:17 am
Process: Updating/Creating Ecomm Bridge - PRODUCT
URL: /extensions/ecomm/v2/sync/messages
Response: {"status_code":401,"response":"Unauthorized","body":"{\"status\":\"error\",\"message\":\"Authentication credentials not found. This API supports both API Key and OAuth 2.0 authentication and you can find more details at https:\/\/developers.hubspot.com\/docs\/methods\/auth\/oauth-overview\",\"correlationId\":\"3c1a82f5-3f8d-4997-ba41-3cfd744ad74e\"}"}
-----------------------------------
Website: 127.0.0.1
Time: January 5, 2021  10:24 am
Process: Updating/Creating Ecomm Bridge - PRODUCT
URL: /extensions/ecomm/v2/sync/messages
Response: {"status_code":401,"response":"Unauthorized","body":"{\"status\":\"error\",\"message\":\"Authentication credentials not found. This API supports both API Key and OAuth 2.0 authentication and you can find more details at https:\/\/developers.hubspot.com\/docs\/methods\/auth\/oauth-overview\",\"correlationId\":\"e772bfd2-dd29-4d17-bf27-4b87370e5ee6\"}"}
-----------------------------------
Website: 127.0.0.1
Time: January 5, 2021  10:29 am
Process: Updating/Creating Ecomm Bridge - PRODUCT
URL: /extensions/ecomm/v2/sync/messages
Response: {"status_code":401,"response":"Unauthorized","body":"{\"status\":\"error\",\"message\":\"Authentication credentials not found. This API supports both API Key and OAuth 2.0 authentication and you can find more details at https:\/\/developers.hubspot.com\/docs\/methods\/auth\/oauth-overview\",\"correlationId\":\"5f63c495-b39b-4e55-a488-963d9395974e\"}"}
-----------------------------------
Website: 127.0.0.1
Time: January 5, 2021  10:35 am
Process: Updating/Creating Ecomm Bridge - PRODUCT
URL: /extensions/ecomm/v2/sync/messages
Response: {"status_code":401,"response":"Unauthorized","body":"{\"status\":\"error\",\"message\":\"Authentication credentials not found. This API supports both API Key and OAuth 2.0 authentication and you can find more details at https:\/\/developers.hubspot.com\/docs\/methods\/auth\/oauth-overview\",\"correlationId\":\"739a9a8e-e990-45e7-8ac0-eb3c6ac312ba\"}"}
-----------------------------------
Website: 127.0.0.1
Time: January 5, 2021  10:52 am
Process: Updating/Creating Ecomm Bridge - PRODUCT
URL: /extensions/ecomm/v2/sync/messages
Response: {"status_code":401,"response":"Unauthorized","body":"{\"status\":\"error\",\"message\":\"Authentication credentials not found. This API supports both API Key and OAuth 2.0 authentication and you can find more details at https:\/\/developers.hubspot.com\/docs\/methods\/auth\/oauth-overview\",\"correlationId\":\"1584de0f-3b73-4ddd-8f86-7181aab9d22b\"}"}
-----------------------------------
Website: 127.0.0.1
Time: January 5, 2021  10:57 am
Process: Updating/Creating Ecomm Bridge - PRODUCT
URL: /extensions/ecomm/v2/sync/messages
Response: {"status_code":401,"response":"Unauthorized","body":"{\"status\":\"error\",\"message\":\"Authentication credentials not found. This API supports both API Key and OAuth 2.0 authentication and you can find more details at https:\/\/developers.hubspot.com\/docs\/methods\/auth\/oauth-overview\",\"correlationId\":\"dd60c356-a5d5-4412-aecc-4c0f7783521e\"}"}
-----------------------------------
Website: 127.0.0.1
Time: January 5, 2021  11:03 am
Process: Updating/Creating Ecomm Bridge - PRODUCT
URL: /extensions/ecomm/v2/sync/messages
Response: {"status_code":401,"response":"Unauthorized","body":"{\"status\":\"error\",\"message\":\"Authentication credentials not found. This API supports both API Key and OAuth 2.0 authentication and you can find more details at https:\/\/developers.hubspot.com\/docs\/methods\/auth\/oauth-overview\",\"correlationId\":\"d9b50cef-864f-4e73-a79d-207e720bdbdc\"}"}
-----------------------------------
Website: 127.0.0.1
Time: January 5, 2021  11:09 am
Process: Updating/Creating Ecomm Bridge - PRODUCT
URL: /extensions/ecomm/v2/sync/messages
Response: {"status_code":401,"response":"Unauthorized","body":"{\"status\":\"error\",\"message\":\"Authentication credentials not found. This API supports both API Key and OAuth 2.0 authentication and you can find more details at https:\/\/developers.hubspot.com\/docs\/methods\/auth\/oauth-overview\",\"correlationId\":\"d26a8422-0e04-42fc-9495-1e94ab0591b4\"}"}
-----------------------------------
Website: 127.0.0.1
Time: January 5, 2021  11:15 am
Process: Updating/Creating Ecomm Bridge - PRODUCT
URL: /extensions/ecomm/v2/sync/messages
Response: {"status_code":401,"response":"Unauthorized","body":"{\"status\":\"error\",\"message\":\"Authentication credentials not found. This API supports both API Key and OAuth 2.0 authentication and you can find more details at https:\/\/developers.hubspot.com\/docs\/methods\/auth\/oauth-overview\",\"correlationId\":\"f5ad5eea-b03e-4d67-b8fa-d164da9600e1\"}"}
-----------------------------------
Website: 127.0.0.1
Time: January 5, 2021  11:22 am
Process: Updating/Creating Ecomm Bridge - PRODUCT
URL: /extensions/ecomm/v2/sync/messages
Response: {"status_code":401,"response":"Unauthorized","body":"{\"status\":\"error\",\"message\":\"Authentication credentials not found. This API supports both API Key and OAuth 2.0 authentication and you can find more details at https:\/\/developers.hubspot.com\/docs\/methods\/auth\/oauth-overview\",\"correlationId\":\"45c1aefb-13e3-40fd-b80e-6947d2c6c4f9\"}"}
-----------------------------------
Website: 127.0.0.1
Time: January 5, 2021  11:27 am
Process: Updating/Creating Ecomm Bridge - PRODUCT
URL: /extensions/ecomm/v2/sync/messages
Response: {"status_code":401,"response":"Unauthorized","body":"{\"status\":\"error\",\"message\":\"Authentication credentials not found. This API supports both API Key and OAuth 2.0 authentication and you can find more details at https:\/\/developers.hubspot.com\/docs\/methods\/auth\/oauth-overview\",\"correlationId\":\"cae0f90a-2f7e-4ea3-beca-4de799e687a2\"}"}
-----------------------------------
